ERROR 2024-12-06 02:12:52,274 basehttp 32108 32044 "GET /user/users/1/permissions/ HTTP/1.1" 500 116782
ERROR 2024-12-06 02:12:53,458 basehttp 32108 32044 "GET /user/users/1/permissions/ HTTP/1.1" 500 116782
ERROR 2024-12-06 02:12:55,754 basehttp 32108 32044 "GET /user/users/1/permissions/ HTTP/1.1" 500 116782
ERROR 2024-12-06 02:13:00,077 basehttp 32108 32044 "GET /user/users/1/permissions/ HTTP/1.1" 500 116782
ERROR 2024-12-07 14:28:40,096 basehttp 31704 1972 "GET /api/templates/1.1/sections/0/data/ HTTP/1.1" 500 72
ERROR 2024-12-07 14:28:40,272 basehttp 31704 32000 "GET /api/templates/1.1/sections/0/data/ HTTP/1.1" 500 72
ERROR 2024-12-07 14:30:54,905 basehttp 31704 1972 "GET /api/templates/1.1/sections/0/data/ HTTP/1.1" 500 72
ERROR 2024-12-07 14:30:55,100 basehttp 31704 32000 "GET /api/templates/1.1/sections/0/data/ HTTP/1.1" 500 72
ERROR 2024-12-07 14:33:51,830 basehttp 8028 34352 "GET /api/templates/1.1/sections/0/data/ HTTP/1.1" 500 72
ERROR 2024-12-07 14:33:52,000 basehttp 8028 18292 "GET /api/templates/1.1/sections/0/data/ HTTP/1.1" 500 72
ERROR 2024-12-07 14:34:03,670 basehttp 8028 18292 "GET /api/templates/1.1/sections/0/data/ HTTP/1.1" 500 72
ERROR 2024-12-07 14:34:03,839 basehttp 8028 34352 "GET /api/templates/1.1/sections/0/data/ HTTP/1.1" 500 72
ERROR 2024-12-07 14:34:04,070 basehttp 8028 34352 "GET /api/templates/1.1/sections/0/data/ HTTP/1.1" 500 72
ERROR 2024-12-07 14:34:04,253 basehttp 8028 18292 "GET /api/templates/1.1/sections/0/data/ HTTP/1.1" 500 72
ERROR 2024-12-07 16:57:55,867 basehttp 55480 52236 "GET /api/submissions/current_academic_year/? HTTP/1.1" 500 649
ERROR 2024-12-07 16:57:57,018 basehttp 55480 55520 "GET /api/submissions/current_academic_year/? HTTP/1.1" 500 649
ERROR 2024-12-07 16:57:59,195 basehttp 55480 55520 "GET /api/submissions/current_academic_year/? HTTP/1.1" 500 649
ERROR 2024-12-07 16:58:03,375 basehttp 55480 55520 "GET /api/submissions/current_academic_year/? HTTP/1.1" 500 649
ERROR 2024-12-07 17:40:57,811 basehttp 54276 58892 "GET /api/submissions/current_academic_year/? HTTP/1.1" 500 73
ERROR 2024-12-07 17:40:59,944 basehttp 54276 58892 "GET /api/submissions/current_academic_year/? HTTP/1.1" 500 73
ERROR 2024-12-07 17:41:02,146 basehttp 54276 58892 "GET /api/submissions/current_academic_year/? HTTP/1.1" 500 73
ERROR 2024-12-07 17:53:02,438 basehttp 52884 60668 "GET /api/templates/1.1/submission/?board=1&academic_year=1 HTTP/1.1" 500 148
ERROR 2024-12-07 17:58:03,440 basehttp 60564 60668 "GET /api/templates/1.1/submission/?board=1&academic_year=1 HTTP/1.1" 500 137
ERROR 2024-12-07 18:18:45,752 basehttp 60564 61484 "GET /api/templates/1.1/submission/?board=1&academic_year=1 HTTP/1.1" 500 137
ERROR 2024-12-07 18:18:45,934 basehttp 60564 62088 "GET /api/templates/1.1/submission/?board=1&academic_year=1 HTTP/1.1" 500 137
ERROR 2024-12-07 18:20:32,017 basehttp 60564 62088 "GET /api/templates/1.1/submission/?board=1&academic_year=1 HTTP/1.1" 500 137
ERROR 2024-12-07 18:20:32,185 basehttp 60564 61484 "GET /api/templates/1.1/submission/?board=1&academic_year=1 HTTP/1.1" 500 137
ERROR 2024-12-07 19:22:20,812 basehttp 60564 23572 "GET /api/templates/1.1/submission/?board=1&academic_year=1 HTTP/1.1" 500 137
ERROR 2024-12-07 19:22:20,989 basehttp 60564 39008 "GET /api/templates/1.1/submission/?board=1&academic_year=1 HTTP/1.1" 500 137
ERROR 2024-12-07 19:22:44,284 basehttp 60564 23572 "GET /api/templates/1.1/submission/?board=1&academic_year=1 HTTP/1.1" 500 137
ERROR 2024-12-07 19:23:11,531 basehttp 60564 23572 "GET /api/templates/1.1/submission/?board=1&academic_year=1 HTTP/1.1" 500 137
ERROR 2024-12-07 19:23:20,800 basehttp 60564 23572 "GET /api/templates/1.1/submission/?board=1&academic_year=1 HTTP/1.1" 500 137
ERROR 2024-12-07 19:23:27,665 basehttp 60564 41124 "GET /api/templates/1.1/submission/?board=1&academic_year=1 HTTP/1.1" 500 137
ERROR 2024-12-07 19:23:27,831 basehttp 60564 23572 "GET /api/templates/1.1/submission/?board=1&academic_year=1 HTTP/1.1" 500 137
ERROR 2024-12-07 19:23:45,617 basehttp 60564 39008 "GET /api/templates/1.1/submission/?board=1&academic_year=1 HTTP/1.1" 500 137
ERROR 2024-12-07 19:23:45,793 basehttp 60564 58068 "GET /api/templates/1.1/submission/?board=1&academic_year=1 HTTP/1.1" 500 137
ERROR 2024-12-07 19:24:14,199 basehttp 60564 41124 "GET /api/templates/1.1/submission/?board=1&academic_year=1 HTTP/1.1" 500 137
ERROR 2024-12-07 19:24:28,536 basehttp 60564 41124 "GET /api/templates/1.1/submission/?board=1&academic_year=1 HTTP/1.1" 500 137
ERROR 2024-12-07 19:25:21,450 basehttp 43676 45776 "GET /api/templates/1.1/submission/?board=1&academic_year=1 HTTP/1.1" 500 137
ERROR 2024-12-07 19:25:33,165 basehttp 43676 45776 "GET /api/templates/1.1/submission/?board=1&academic_year=1 HTTP/1.1" 500 137
ERROR 2024-12-07 19:25:59,441 basehttp 43676 45776 "GET /api/templates/1.1/submission/?board=1&academic_year=1 HTTP/1.1" 500 137
ERROR 2024-12-07 19:27:01,792 basehttp 53188 56028 "GET /api/templates/1.1/submission/?board=1&academic_year=1 HTTP/1.1" 500 137
ERROR 2024-12-07 19:28:29,305 basehttp 53188 56028 "GET /api/templates/1.1/submission/?board=1&academic_year=1 HTTP/1.1" 500 137
ERROR 2024-12-07 19:28:45,611 basehttp 53188 56028 "GET /api/templates/1.1/submission/?board=1&academic_year=1 HTTP/1.1" 500 137
ERROR 2024-12-07 19:29:45,600 basehttp 53188 56028 "GET /api/templates/1.1/submission/?board=1&academic_year=1 HTTP/1.1" 500 137
ERROR 2024-12-07 19:30:25,387 basehttp 49384 52060 "GET /api/templates/1.1/submission/?board=1&academic_year=1 HTTP/1.1" 500 137
ERROR 2024-12-07 19:30:32,195 basehttp 49384 53032 "GET /api/templates/1.1/submission/?board=1&academic_year=1 HTTP/1.1" 500 137
ERROR 2024-12-07 19:30:32,360 basehttp 49384 29932 "GET /api/templates/1.1/submission/?board=1&academic_year=1 HTTP/1.1" 500 137
ERROR 2024-12-07 19:31:14,533 basehttp 49384 47780 "GET /api/templates/1.1/submission/?board=1&academic_year=1 HTTP/1.1" 500 137
ERROR 2024-12-07 19:31:14,706 basehttp 49384 56892 "GET /api/templates/1.1/submission/?board=1&academic_year=1 HTTP/1.1" 500 137
ERROR 2024-12-07 19:31:36,773 basehttp 49384 47780 "GET /api/templates/1.1/submission/?board=1&academic_year=1 HTTP/1.1" 500 137
ERROR 2024-12-07 19:31:44,226 basehttp 49384 47780 "GET /api/templates/1.1/submission/?board=1&academic_year=1 HTTP/1.1" 500 137
ERROR 2024-12-07 19:32:19,138 basehttp 67340 65308 "GET /api/templates/1.1/submission/?board=1&academic_year=1 HTTP/1.1" 500 137
ERROR 2024-12-07 19:32:44,491 basehttp 44584 63464 "GET /api/templates/1.1/submission/?board=1&academic_year=1 HTTP/1.1" 500 137
ERROR 2024-12-07 19:32:51,237 basehttp 31400 26932 "GET /api/templates/1.1/submission/?board=1&academic_year=1 HTTP/1.1" 500 137
ERROR 2024-12-07 19:34:40,087 basehttp 56368 48216 "GET /api/templates/1.1/submission/?board=1&academic_year=1 HTTP/1.1" 500 137
ERROR 2024-12-07 19:34:52,374 basehttp 56368 35708 "GET /api/templates/1.1/submission/?board=1&academic_year=1 HTTP/1.1" 500 137
ERROR 2024-12-07 19:34:52,537 basehttp 56368 58260 "GET /api/templates/1.1/submission/?board=1&academic_year=1 HTTP/1.1" 500 137
ERROR 2024-12-07 19:34:54,926 basehttp 56368 48216 "GET /api/templates/1.1/submission/?board=1&academic_year=1 HTTP/1.1" 500 137
ERROR 2024-12-07 19:34:55,088 basehttp 56368 35708 "GET /api/templates/1.1/submission/?board=1&academic_year=1 HTTP/1.1" 500 137
ERROR 2024-12-07 19:35:13,847 basehttp 57804 57444 "GET /api/templates/1.1/submission/?board=1&academic_year=1 HTTP/1.1" 500 137
ERROR 2024-12-07 19:35:25,303 basehttp 57804 57444 "GET /api/templates/1.1/submission/?board=1&academic_year=1 HTTP/1.1" 500 137
ERROR 2024-12-07 19:35:35,561 basehttp 57804 57444 "GET /api/templates/1.1/submission/?board=1&academic_year=1 HTTP/1.1" 500 137
ERROR 2024-12-07 19:35:45,076 basehttp 57804 57444 "GET /api/templates/1.1/submission/?board=1&academic_year=1 HTTP/1.1" 500 137
ERROR 2024-12-07 19:36:20,701 basehttp 57804 57444 "GET /api/templates/1.1/submission/?board=1&academic_year=1 HTTP/1.1" 500 137
ERROR 2024-12-07 19:37:14,466 basehttp 57804 57444 "GET /api/templates/1.1/submission/?board=1&academic_year=1 HTTP/1.1" 500 137
ERROR 2024-12-07 19:38:11,122 basehttp 50412 52556 "GET /api/templates/1.1/submission/?board=1&academic_year=1 HTTP/1.1" 500 137
ERROR 2024-12-07 19:38:52,477 basehttp 20788 58360 "GET /api/templates/1.1/submission/?board=1&academic_year=1 HTTP/1.1" 500 137
ERROR 2024-12-07 19:38:54,377 basehttp 20788 58360 "GET /api/templates/1.1/submission/?board=1&academic_year=1 HTTP/1.1" 500 137
ERROR 2024-12-07 19:38:54,915 basehttp 20788 58360 "GET /api/templates/1.1/submission/?board=1&academic_year=1 HTTP/1.1" 500 137
ERROR 2024-12-07 19:39:04,030 basehttp 24848 57072 "GET /api/templates/1.1/submission/?board=1&academic_year=1 HTTP/1.1" 500 137
ERROR 2024-12-07 19:44:30,165 basehttp 41200 8232 "GET /api/templates/1.1/submission/?board=1&academic_year=1 HTTP/1.1" 500 137
ERROR 2024-12-07 19:44:32,183 basehttp 41200 8232 "GET /api/templates/1.1/submission/?board=1&academic_year=1 HTTP/1.1" 500 137
ERROR 2024-12-07 19:44:39,762 basehttp 41200 45444 "GET /api/templates/1.1/submission/?board=1&academic_year=1 HTTP/1.1" 500 137
ERROR 2024-12-07 19:46:40,234 basehttp 41200 45444 "GET /api/templates/1.1/submission/?board=1&academic_year=1 HTTP/1.1" 500 137
ERROR 2024-12-07 19:46:47,392 basehttp 41200 48068 "GET /api/templates/1.1/submission/?board=1&academic_year=1 HTTP/1.1" 500 137
ERROR 2024-12-07 19:46:47,557 basehttp 41200 57096 "GET /api/templates/1.1/submission/?board=1&academic_year=1 HTTP/1.1" 500 137
ERROR 2024-12-07 19:47:02,280 basehttp 41200 48068 "GET /api/templates/1.1/submission/?board=1&academic_year=1 HTTP/1.1" 500 137
ERROR 2024-12-07 19:47:07,150 basehttp 41200 48068 "GET /api/templates/1.1/submission/?board=1&academic_year=1 HTTP/1.1" 500 137
ERROR 2024-12-07 19:49:01,307 basehttp 44468 24456 "GET /api/templates/1.1/submission/?board=1&academic_year=1 HTTP/1.1" 500 137
ERROR 2024-12-07 19:49:05,161 basehttp 67148 48536 "GET /api/templates/1.1/submission/?board=1&academic_year=1 HTTP/1.1" 500 137
ERROR 2024-12-07 19:50:59,655 basehttp 67148 48536 "GET /api/templates/1.1/submission/?board=1&academic_year=1 HTTP/1.1" 500 137
ERROR 2024-12-07 19:51:37,904 basehttp 66540 54644 "GET /api/templates/1.1/submission/?board=1&academic_year=1 HTTP/1.1" 500 137
ERROR 2024-12-07 19:51:45,722 basehttp 59768 61988 "GET /api/templates/1.1/submission/?board=1&academic_year=1 HTTP/1.1" 500 137
ERROR 2024-12-07 19:53:25,307 basehttp 41752 52204 "GET /api/templates/1.1/submission/?board=1&academic_year=1 HTTP/1.1" 500 147
ERROR 2024-12-07 20:01:22,763 basehttp 53988 23888 "GET /api/templates/1.1/submission/?board=2&academic_year=1 HTTP/1.1" 500 287
ERROR 2024-12-07 20:01:53,165 basehttp 27552 30572 "GET /api/templates/1.1/submission/?board=2&academic_year=1 HTTP/1.1" 500 287
ERROR 2024-12-07 20:01:56,125 basehttp 49752 65324 "GET /api/templates/1.1/submission/?board=2&academic_year=1 HTTP/1.1" 500 287
ERROR 2024-12-07 20:02:35,165 basehttp 46680 45512 "GET /api/templates/1.1/submission/?board=2&academic_year=1 HTTP/1.1" 500 287
ERROR 2024-12-07 20:02:40,857 basehttp 46680 45512 "GET /api/templates/1.1/submission/?board=2&academic_year=1 HTTP/1.1" 500 287
ERROR 2024-12-07 20:03:09,260 basehttp 64732 47952 "GET /api/templates/1.1/submission/?board=2&academic_year=1 HTTP/1.1" 500 287
ERROR 2024-12-07 20:03:27,531 basehttp 57836 54940 "GET /api/templates/1.1/submission/?board=2&academic_year=1 HTTP/1.1" 500 287
ERROR 2024-12-07 20:03:48,064 basehttp 50720 6572 "GET /api/templates/1.1/submission/?board=2&academic_year=1 HTTP/1.1" 500 287
ERROR 2024-12-07 20:04:13,938 basehttp 59400 2296 "GET /api/templates/1.1/submission/?board=2&academic_year=1 HTTP/1.1" 500 287
ERROR 2024-12-07 20:04:19,313 basehttp 59400 24380 "GET /api/templates/1.1/submission/?board=1&academic_year=1 HTTP/1.1" 500 287
ERROR 2024-12-07 20:04:19,330 basehttp 59400 53452 "GET /api/templates/1.1/submission/?board=1&academic_year=1 HTTP/1.1" 500 287
ERROR 2024-12-07 20:04:27,315 basehttp 46396 5560 "GET /api/templates/1.1/submission/?board=1&academic_year=1 HTTP/1.1" 500 287
ERROR 2024-12-07 20:04:30,290 basehttp 16960 57716 "GET /api/templates/1.1/submission/?board=1&academic_year=1 HTTP/1.1" 500 287
ERROR 2024-12-07 20:04:59,289 basehttp 51852 31500 "GET /api/templates/1.1/submission/?board=1&academic_year=1 HTTP/1.1" 500 287
ERROR 2024-12-07 20:05:08,265 basehttp 51852 31500 "GET /api/templates/1.1/submission/?board=1&academic_year=1 HTTP/1.1" 500 287
ERROR 2024-12-07 20:05:39,322 basehttp 27548 35168 "GET /api/templates/1.1/submission/?board=1&academic_year=1 HTTP/1.1" 500 287
ERROR 2024-12-07 20:05:42,420 basehttp 27548 35168 "GET /api/templates/1.1/submission/?board=1&academic_year=1 HTTP/1.1" 500 287
ERROR 2024-12-07 20:05:43,996 basehttp 27548 35168 "GET /api/templates/1.1/submission/?board=1&academic_year=1 HTTP/1.1" 500 287
ERROR 2024-12-07 20:05:44,012 basehttp 27548 35276 "GET /api/templates/1.1/submission/?board=1&academic_year=1 HTTP/1.1" 500 287
ERROR 2024-12-07 20:05:50,046 basehttp 27548 35168 "GET /api/templates/1.1/submission/?board=1&academic_year=1 HTTP/1.1" 500 287
ERROR 2024-12-07 20:05:50,061 basehttp 27548 23984 "GET /api/templates/1.1/submission/?board=1&academic_year=1 HTTP/1.1" 500 287
ERROR 2024-12-07 23:46:44,311 basehttp 21056 45196 "GET /api/submissions/department-breakdown/?board=1&academic_year=1 HTTP/1.1" 500 329
ERROR 2024-12-07 23:47:31,247 basehttp 57036 64884 "GET /api/submissions/department-breakdown/?board=1&academic_year=1 HTTP/1.1" 500 329
ERROR 2024-12-07 23:47:33,461 basehttp 57036 64884 "GET /api/submissions/department-breakdown/?board=1&academic_year=1 HTTP/1.1" 500 329
ERROR 2024-12-07 23:47:35,471 basehttp 57036 60428 "GET /api/submissions/department-breakdown/?board=1&academic_year=1 HTTP/1.1" 500 329
ERROR 2024-12-07 23:47:42,702 basehttp 57036 60428 "GET /api/submissions/department-breakdown/?board=1&academic_year=1 HTTP/1.1" 500 329
ERROR 2024-12-07 23:47:51,898 basehttp 57036 60428 "GET /api/submissions/department-breakdown/?board=1&academic_year=1 HTTP/1.1" 500 329
ERROR 2024-12-07 23:47:52,916 basehttp 57036 60428 "GET /api/submissions/department-breakdown/?board=1&academic_year=1 HTTP/1.1" 500 329
ERROR 2024-12-07 23:47:55,946 basehttp 57036 60428 "GET /api/submissions/department-breakdown/?board=1&academic_year=1 HTTP/1.1" 500 329
ERROR 2024-12-07 23:47:59,095 basehttp 57036 18600 "GET /api/submissions/department-breakdown/?board=1&academic_year=1 HTTP/1.1" 500 329
ERROR 2024-12-07 23:48:00,686 basehttp 57036 64884 "GET /api/submissions/department-breakdown/?board=1&academic_year=1 HTTP/1.1" 500 329
ERROR 2024-12-07 23:48:01,697 basehttp 57036 8964 "GET /api/submissions/department-breakdown/?board=1&academic_year=1 HTTP/1.1" 500 329
ERROR 2024-12-08 01:33:52,764 basehttp 49700 63124 "GET /api/templates/edit/?board=2&academic_year=1 HTTP/1.1" 500 105
ERROR 2024-12-08 01:33:52,776 basehttp 49700 50180 "GET /api/templates/edit/?board=2&academic_year=1 HTTP/1.1" 500 105
ERROR 2024-12-08 01:34:22,195 basehttp 49700 50180 "GET /api/templates/edit/?board=2&academic_year=1 HTTP/1.1" 500 105
ERROR 2024-12-08 01:34:22,374 basehttp 49700 63124 "GET /api/templates/edit/?board=2&academic_year=1 HTTP/1.1" 500 105
ERROR 2024-12-08 01:35:46,257 basehttp 49700 63124 "GET /api/templates/edit/?board=2&academic_year=1 HTTP/1.1" 500 105
ERROR 2024-12-08 01:35:46,426 basehttp 49700 50180 "GET /api/templates/edit/?board=2&academic_year=1 HTTP/1.1" 500 105
ERROR 2024-12-08 01:35:52,087 basehttp 49700 63124 "GET /api/templates/edit/?board=2&academic_year=1 HTTP/1.1" 500 105
ERROR 2024-12-08 01:35:52,259 basehttp 49700 41972 "GET /api/templates/edit/?board=2&academic_year=1 HTTP/1.1" 500 105
ERROR 2024-12-08 01:35:52,417 basehttp 49700 66812 "GET /api/templates/edit/?board=2&academic_year=1 HTTP/1.1" 500 105
ERROR 2024-12-08 01:35:52,598 basehttp 49700 52380 "GET /api/templates/edit/?board=2&academic_year=1 HTTP/1.1" 500 105
ERROR 2024-12-08 01:36:14,726 basehttp 49700 52380 "GET /api/templates/edit/?board=2&academic_year=1 HTTP/1.1" 500 105
ERROR 2024-12-08 01:36:14,916 basehttp 49700 66656 "GET /api/templates/edit/?board=2&academic_year=1 HTTP/1.1" 500 105
ERROR 2024-12-08 01:37:32,929 basehttp 49700 42244 "GET /api/templates/edit/?board=2&academic_year=1 HTTP/1.1" 500 105
ERROR 2024-12-08 01:37:32,939 basehttp 49700 42244 "GET /api/templates/edit/?board=2&academic_year=1 HTTP/1.1" 500 105
ERROR 2024-12-08 01:38:47,889 basehttp 49700 66656 "GET /api/templates/edit/?board=2&academic_year=1 HTTP/1.1" 500 105
ERROR 2024-12-08 01:38:48,065 basehttp 49700 52380 "GET /api/templates/edit/?board=2&academic_year=1 HTTP/1.1" 500 105
ERROR 2024-12-08 01:40:30,662 basehttp 49700 42244 "GET /api/templates/edit/?board=2&academic_year=1 HTTP/1.1" 500 105
ERROR 2024-12-08 01:40:31,191 basehttp 49700 66812 "GET /api/templates/edit/?board=2&academic_year=1 HTTP/1.1" 500 105
ERROR 2024-12-08 01:40:34,223 basehttp 49700 66812 "GET /api/templates/edit/?board=2&academic_year=1 HTTP/1.1" 500 105
ERROR 2024-12-08 01:40:34,404 basehttp 49700 66656 "GET /api/templates/edit/?board=2&academic_year=1 HTTP/1.1" 500 105
ERROR 2024-12-08 01:40:39,781 basehttp 49700 66812 "GET /api/templates/edit/?board=2&academic_year=1 HTTP/1.1" 500 105
ERROR 2024-12-08 01:40:39,949 basehttp 49700 63124 "GET /api/templates/edit/?board=2&academic_year=1 HTTP/1.1" 500 105
ERROR 2024-12-08 01:40:40,113 basehttp 49700 41972 "GET /api/templates/edit/?board=2&academic_year=1 HTTP/1.1" 500 105
ERROR 2024-12-08 01:40:40,293 basehttp 49700 50180 "GET /api/templates/edit/?board=2&academic_year=1 HTTP/1.1" 500 105
ERROR 2024-12-08 01:40:40,847 basehttp 49700 50180 "GET /api/templates/edit/?board=2&academic_year=1 HTTP/1.1" 500 105
ERROR 2024-12-08 01:40:41,022 basehttp 49700 52380 "GET /api/templates/edit/?board=2&academic_year=1 HTTP/1.1" 500 105
ERROR 2024-12-08 01:44:12,254 basehttp 49700 47248 "GET /api/templates/1.1/sections/0/data/?board=2&academic_year=1 HTTP/1.1" 500 72
ERROR 2024-12-08 01:44:12,268 basehttp 49700 47248 "GET /api/templates/1.1/sections/0/data/?board=2&academic_year=1 HTTP/1.1" 500 72
ERROR 2024-12-08 02:25:37,556 basehttp 54228 50588 "GET /user/audit-logs/?type=all&days=7&board=3&academic_year=1 HTTP/1.1" 500 110835
ERROR 2024-12-08 02:26:01,284 basehttp 54228 50588 "GET /user/audit-logs/?type=all&days=7&board=3&academic_year=1 HTTP/1.1" 500 110835
ERROR 2024-12-11 00:42:25,233 exception 30260 6068 Invalid HTTP_HOST header: 'localhost:8000'. You may need to add 'localhost' to ALLOWED_HOSTS.
Traceback (most recent call last):
  File "E:\eXcentriX\Projects\accredit\accredit_server\.venv\Lib\site-packages\django\core\handlers\exception.py", line 55, in inner
    response = get_response(request)
               ^^^^^^^^^^^^^^^^^^^^^
  File "E:\eXcentriX\Projects\accredit\accredit_server\.venv\Lib\site-packages\django\utils\deprecation.py", line 128, in __call__
    response = self.process_request(request)
               ^^^^^^^^^^^^^^^^^^^^^^^^^^^^^
  File "E:\eXcentriX\Projects\accredit\accredit_server\.venv\Lib\site-packages\django\middleware\security.py", line 28, in process_request
    host = self.redirect_host or request.get_host()
                                 ^^^^^^^^^^^^^^^^^^
  File "E:\eXcentriX\Projects\accredit\accredit_server\.venv\Lib\site-packages\django\http\request.py", line 151, in get_host
    raise DisallowedHost(msg)
django.core.exceptions.DisallowedHost: Invalid HTTP_HOST header: 'localhost:8000'. You may need to add 'localhost' to ALLOWED_HOSTS.
ERROR 2024-12-11 00:42:25,465 exception 30260 29560 Invalid HTTP_HOST header: 'localhost:8000'. You may need to add 'localhost' to ALLOWED_HOSTS.
Traceback (most recent call last):
  File "E:\eXcentriX\Projects\accredit\accredit_server\.venv\Lib\site-packages\django\core\handlers\exception.py", line 55, in inner
    response = get_response(request)
               ^^^^^^^^^^^^^^^^^^^^^
  File "E:\eXcentriX\Projects\accredit\accredit_server\.venv\Lib\site-packages\django\utils\deprecation.py", line 128, in __call__
    response = self.process_request(request)
               ^^^^^^^^^^^^^^^^^^^^^^^^^^^^^
  File "E:\eXcentriX\Projects\accredit\accredit_server\.venv\Lib\site-packages\django\middleware\security.py", line 28, in process_request
    host = self.redirect_host or request.get_host()
                                 ^^^^^^^^^^^^^^^^^^
  File "E:\eXcentriX\Projects\accredit\accredit_server\.venv\Lib\site-packages\django\http\request.py", line 151, in get_host
    raise DisallowedHost(msg)
django.core.exceptions.DisallowedHost: Invalid HTTP_HOST header: 'localhost:8000'. You may need to add 'localhost' to ALLOWED_HOSTS.
ERROR 2024-12-11 00:46:53,816 exception 30260 10808 Invalid HTTP_HOST header: 'localhost:8000'. You may need to add 'localhost' to ALLOWED_HOSTS.
Traceback (most recent call last):
  File "E:\eXcentriX\Projects\accredit\accredit_server\.venv\Lib\site-packages\django\core\handlers\exception.py", line 55, in inner
    response = get_response(request)
               ^^^^^^^^^^^^^^^^^^^^^
  File "E:\eXcentriX\Projects\accredit\accredit_server\.venv\Lib\site-packages\django\utils\deprecation.py", line 128, in __call__
    response = self.process_request(request)
               ^^^^^^^^^^^^^^^^^^^^^^^^^^^^^
  File "E:\eXcentriX\Projects\accredit\accredit_server\.venv\Lib\site-packages\django\middleware\security.py", line 28, in process_request
    host = self.redirect_host or request.get_host()
                                 ^^^^^^^^^^^^^^^^^^
  File "E:\eXcentriX\Projects\accredit\accredit_server\.venv\Lib\site-packages\django\http\request.py", line 151, in get_host
    raise DisallowedHost(msg)
django.core.exceptions.DisallowedHost: Invalid HTTP_HOST header: 'localhost:8000'. You may need to add 'localhost' to ALLOWED_HOSTS.
ERROR 2024-12-11 00:46:54,082 exception 30260 15244 Invalid HTTP_HOST header: 'localhost:8000'. You may need to add 'localhost' to ALLOWED_HOSTS.
Traceback (most recent call last):
  File "E:\eXcentriX\Projects\accredit\accredit_server\.venv\Lib\site-packages\django\core\handlers\exception.py", line 55, in inner
    response = get_response(request)
               ^^^^^^^^^^^^^^^^^^^^^
  File "E:\eXcentriX\Projects\accredit\accredit_server\.venv\Lib\site-packages\django\utils\deprecation.py", line 128, in __call__
    response = self.process_request(request)
               ^^^^^^^^^^^^^^^^^^^^^^^^^^^^^
  File "E:\eXcentriX\Projects\accredit\accredit_server\.venv\Lib\site-packages\django\middleware\security.py", line 28, in process_request
    host = self.redirect_host or request.get_host()
                                 ^^^^^^^^^^^^^^^^^^
  File "E:\eXcentriX\Projects\accredit\accredit_server\.venv\Lib\site-packages\django\http\request.py", line 151, in get_host
    raise DisallowedHost(msg)
django.core.exceptions.DisallowedHost: Invalid HTTP_HOST header: 'localhost:8000'. You may need to add 'localhost' to ALLOWED_HOSTS.
ERROR 2024-12-11 00:46:59,294 exception 30260 33240 Invalid HTTP_HOST header: 'localhost:8000'. You may need to add 'localhost' to ALLOWED_HOSTS.
Traceback (most recent call last):
  File "E:\eXcentriX\Projects\accredit\accredit_server\.venv\Lib\site-packages\django\core\handlers\exception.py", line 55, in inner
    response = get_response(request)
               ^^^^^^^^^^^^^^^^^^^^^
  File "E:\eXcentriX\Projects\accredit\accredit_server\.venv\Lib\site-packages\django\utils\deprecation.py", line 128, in __call__
    response = self.process_request(request)
               ^^^^^^^^^^^^^^^^^^^^^^^^^^^^^
  File "E:\eXcentriX\Projects\accredit\accredit_server\.venv\Lib\site-packages\django\middleware\security.py", line 28, in process_request
    host = self.redirect_host or request.get_host()
                                 ^^^^^^^^^^^^^^^^^^
  File "E:\eXcentriX\Projects\accredit\accredit_server\.venv\Lib\site-packages\django\http\request.py", line 151, in get_host
    raise DisallowedHost(msg)
django.core.exceptions.DisallowedHost: Invalid HTTP_HOST header: 'localhost:8000'. You may need to add 'localhost' to ALLOWED_HOSTS.
ERROR 2024-12-11 00:46:59,662 exception 30260 28812 Invalid HTTP_HOST header: 'localhost:8000'. You may need to add 'localhost' to ALLOWED_HOSTS.
Traceback (most recent call last):
  File "E:\eXcentriX\Projects\accredit\accredit_server\.venv\Lib\site-packages\django\core\handlers\exception.py", line 55, in inner
    response = get_response(request)
               ^^^^^^^^^^^^^^^^^^^^^
  File "E:\eXcentriX\Projects\accredit\accredit_server\.venv\Lib\site-packages\django\utils\deprecation.py", line 128, in __call__
    response = self.process_request(request)
               ^^^^^^^^^^^^^^^^^^^^^^^^^^^^^
  File "E:\eXcentriX\Projects\accredit\accredit_server\.venv\Lib\site-packages\django\middleware\security.py", line 28, in process_request
    host = self.redirect_host or request.get_host()
                                 ^^^^^^^^^^^^^^^^^^
  File "E:\eXcentriX\Projects\accredit\accredit_server\.venv\Lib\site-packages\django\http\request.py", line 151, in get_host
    raise DisallowedHost(msg)
django.core.exceptions.DisallowedHost: Invalid HTTP_HOST header: 'localhost:8000'. You may need to add 'localhost' to ALLOWED_HOSTS.
ERROR 2024-12-11 00:47:02,931 exception 30260 23372 Invalid HTTP_HOST header: 'localhost:8000'. You may need to add 'localhost' to ALLOWED_HOSTS.
Traceback (most recent call last):
  File "E:\eXcentriX\Projects\accredit\accredit_server\.venv\Lib\site-packages\django\core\handlers\exception.py", line 55, in inner
    response = get_response(request)
               ^^^^^^^^^^^^^^^^^^^^^
  File "E:\eXcentriX\Projects\accredit\accredit_server\.venv\Lib\site-packages\django\utils\deprecation.py", line 128, in __call__
    response = self.process_request(request)
               ^^^^^^^^^^^^^^^^^^^^^^^^^^^^^
  File "E:\eXcentriX\Projects\accredit\accredit_server\.venv\Lib\site-packages\django\middleware\security.py", line 28, in process_request
    host = self.redirect_host or request.get_host()
                                 ^^^^^^^^^^^^^^^^^^
  File "E:\eXcentriX\Projects\accredit\accredit_server\.venv\Lib\site-packages\django\http\request.py", line 151, in get_host
    raise DisallowedHost(msg)
django.core.exceptions.DisallowedHost: Invalid HTTP_HOST header: 'localhost:8000'. You may need to add 'localhost' to ALLOWED_HOSTS.
ERROR 2024-12-11 00:47:03,290 exception 30260 12272 Invalid HTTP_HOST header: 'localhost:8000'. You may need to add 'localhost' to ALLOWED_HOSTS.
Traceback (most recent call last):
  File "E:\eXcentriX\Projects\accredit\accredit_server\.venv\Lib\site-packages\django\core\handlers\exception.py", line 55, in inner
    response = get_response(request)
               ^^^^^^^^^^^^^^^^^^^^^
  File "E:\eXcentriX\Projects\accredit\accredit_server\.venv\Lib\site-packages\django\utils\deprecation.py", line 128, in __call__
    response = self.process_request(request)
               ^^^^^^^^^^^^^^^^^^^^^^^^^^^^^
  File "E:\eXcentriX\Projects\accredit\accredit_server\.venv\Lib\site-packages\django\middleware\security.py", line 28, in process_request
    host = self.redirect_host or request.get_host()
                                 ^^^^^^^^^^^^^^^^^^
  File "E:\eXcentriX\Projects\accredit\accredit_server\.venv\Lib\site-packages\django\http\request.py", line 151, in get_host
    raise DisallowedHost(msg)
django.core.exceptions.DisallowedHost: Invalid HTTP_HOST header: 'localhost:8000'. You may need to add 'localhost' to ALLOWED_HOSTS.
ERROR 2024-12-11 00:48:13,183 exception 30260 36860 Invalid HTTP_HOST header: '127.0.0.1:8000'. You may need to add '127.0.0.1' to ALLOWED_HOSTS.
Traceback (most recent call last):
  File "E:\eXcentriX\Projects\accredit\accredit_server\.venv\Lib\site-packages\django\core\handlers\exception.py", line 55, in inner
    response = get_response(request)
               ^^^^^^^^^^^^^^^^^^^^^
  File "E:\eXcentriX\Projects\accredit\accredit_server\.venv\Lib\site-packages\django\utils\deprecation.py", line 128, in __call__
    response = self.process_request(request)
               ^^^^^^^^^^^^^^^^^^^^^^^^^^^^^
  File "E:\eXcentriX\Projects\accredit\accredit_server\.venv\Lib\site-packages\django\middleware\security.py", line 28, in process_request
    host = self.redirect_host or request.get_host()
                                 ^^^^^^^^^^^^^^^^^^
  File "E:\eXcentriX\Projects\accredit\accredit_server\.venv\Lib\site-packages\django\http\request.py", line 151, in get_host
    raise DisallowedHost(msg)
django.core.exceptions.DisallowedHost: Invalid HTTP_HOST header: '127.0.0.1:8000'. You may need to add '127.0.0.1' to ALLOWED_HOSTS.
ERROR 2024-12-11 00:48:13,328 exception 30260 34984 Invalid HTTP_HOST header: '127.0.0.1:8000'. You may need to add '127.0.0.1' to ALLOWED_HOSTS.
Traceback (most recent call last):
  File "E:\eXcentriX\Projects\accredit\accredit_server\.venv\Lib\site-packages\django\core\handlers\exception.py", line 55, in inner
    response = get_response(request)
               ^^^^^^^^^^^^^^^^^^^^^
  File "E:\eXcentriX\Projects\accredit\accredit_server\.venv\Lib\site-packages\django\utils\deprecation.py", line 128, in __call__
    response = self.process_request(request)
               ^^^^^^^^^^^^^^^^^^^^^^^^^^^^^
  File "E:\eXcentriX\Projects\accredit\accredit_server\.venv\Lib\site-packages\django\middleware\security.py", line 28, in process_request
    host = self.redirect_host or request.get_host()
                                 ^^^^^^^^^^^^^^^^^^
  File "E:\eXcentriX\Projects\accredit\accredit_server\.venv\Lib\site-packages\django\http\request.py", line 151, in get_host
    raise DisallowedHost(msg)
django.core.exceptions.DisallowedHost: Invalid HTTP_HOST header: '127.0.0.1:8000'. You may need to add '127.0.0.1' to ALLOWED_HOSTS.
ERROR 2024-12-11 00:48:17,498 exception 30260 10400 Invalid HTTP_HOST header: '127.0.0.1:8000'. You may need to add '127.0.0.1' to ALLOWED_HOSTS.
Traceback (most recent call last):
  File "E:\eXcentriX\Projects\accredit\accredit_server\.venv\Lib\site-packages\django\core\handlers\exception.py", line 55, in inner
    response = get_response(request)
               ^^^^^^^^^^^^^^^^^^^^^
  File "E:\eXcentriX\Projects\accredit\accredit_server\.venv\Lib\site-packages\django\utils\deprecation.py", line 128, in __call__
    response = self.process_request(request)
               ^^^^^^^^^^^^^^^^^^^^^^^^^^^^^
  File "E:\eXcentriX\Projects\accredit\accredit_server\.venv\Lib\site-packages\django\middleware\security.py", line 28, in process_request
    host = self.redirect_host or request.get_host()
                                 ^^^^^^^^^^^^^^^^^^
  File "E:\eXcentriX\Projects\accredit\accredit_server\.venv\Lib\site-packages\django\http\request.py", line 151, in get_host
    raise DisallowedHost(msg)
django.core.exceptions.DisallowedHost: Invalid HTTP_HOST header: '127.0.0.1:8000'. You may need to add '127.0.0.1' to ALLOWED_HOSTS.
ERROR 2024-12-11 00:48:17,810 exception 30260 32916 Invalid HTTP_HOST header: '127.0.0.1:8000'. You may need to add '127.0.0.1' to ALLOWED_HOSTS.
Traceback (most recent call last):
  File "E:\eXcentriX\Projects\accredit\accredit_server\.venv\Lib\site-packages\django\core\handlers\exception.py", line 55, in inner
    response = get_response(request)
               ^^^^^^^^^^^^^^^^^^^^^
  File "E:\eXcentriX\Projects\accredit\accredit_server\.venv\Lib\site-packages\django\utils\deprecation.py", line 128, in __call__
    response = self.process_request(request)
               ^^^^^^^^^^^^^^^^^^^^^^^^^^^^^
  File "E:\eXcentriX\Projects\accredit\accredit_server\.venv\Lib\site-packages\django\middleware\security.py", line 28, in process_request
    host = self.redirect_host or request.get_host()
                                 ^^^^^^^^^^^^^^^^^^
  File "E:\eXcentriX\Projects\accredit\accredit_server\.venv\Lib\site-packages\django\http\request.py", line 151, in get_host
    raise DisallowedHost(msg)
django.core.exceptions.DisallowedHost: Invalid HTTP_HOST header: '127.0.0.1:8000'. You may need to add '127.0.0.1' to ALLOWED_HOSTS.
ERROR 2024-12-11 00:50:35,071 exception 29572 11592 Invalid HTTP_HOST header: '127.0.0.1:8000'. You may need to add '127.0.0.1' to ALLOWED_HOSTS.
Traceback (most recent call last):
  File "E:\eXcentriX\Projects\accredit\accredit_server\.venv\Lib\site-packages\django\core\handlers\exception.py", line 55, in inner
    response = get_response(request)
               ^^^^^^^^^^^^^^^^^^^^^
  File "E:\eXcentriX\Projects\accredit\accredit_server\.venv\Lib\site-packages\django\utils\deprecation.py", line 128, in __call__
    response = self.process_request(request)
               ^^^^^^^^^^^^^^^^^^^^^^^^^^^^^
  File "E:\eXcentriX\Projects\accredit\accredit_server\.venv\Lib\site-packages\django\middleware\security.py", line 28, in process_request
    host = self.redirect_host or request.get_host()
                                 ^^^^^^^^^^^^^^^^^^
  File "E:\eXcentriX\Projects\accredit\accredit_server\.venv\Lib\site-packages\django\http\request.py", line 151, in get_host
    raise DisallowedHost(msg)
django.core.exceptions.DisallowedHost: Invalid HTTP_HOST header: '127.0.0.1:8000'. You may need to add '127.0.0.1' to ALLOWED_HOSTS.
ERROR 2024-12-11 00:50:35,409 exception 29572 36044 Invalid HTTP_HOST header: '127.0.0.1:8000'. You may need to add '127.0.0.1' to ALLOWED_HOSTS.
Traceback (most recent call last):
  File "E:\eXcentriX\Projects\accredit\accredit_server\.venv\Lib\site-packages\django\core\handlers\exception.py", line 55, in inner
    response = get_response(request)
               ^^^^^^^^^^^^^^^^^^^^^
  File "E:\eXcentriX\Projects\accredit\accredit_server\.venv\Lib\site-packages\django\utils\deprecation.py", line 128, in __call__
    response = self.process_request(request)
               ^^^^^^^^^^^^^^^^^^^^^^^^^^^^^
  File "E:\eXcentriX\Projects\accredit\accredit_server\.venv\Lib\site-packages\django\middleware\security.py", line 28, in process_request
    host = self.redirect_host or request.get_host()
                                 ^^^^^^^^^^^^^^^^^^
  File "E:\eXcentriX\Projects\accredit\accredit_server\.venv\Lib\site-packages\django\http\request.py", line 151, in get_host
    raise DisallowedHost(msg)
django.core.exceptions.DisallowedHost: Invalid HTTP_HOST header: '127.0.0.1:8000'. You may need to add '127.0.0.1' to ALLOWED_HOSTS.
ERROR 2024-12-11 00:50:37,106 exception 29572 10400 Invalid HTTP_HOST header: '127.0.0.1:8000'. You may need to add '127.0.0.1' to ALLOWED_HOSTS.
Traceback (most recent call last):
  File "E:\eXcentriX\Projects\accredit\accredit_server\.venv\Lib\site-packages\django\core\handlers\exception.py", line 55, in inner
    response = get_response(request)
               ^^^^^^^^^^^^^^^^^^^^^
  File "E:\eXcentriX\Projects\accredit\accredit_server\.venv\Lib\site-packages\django\utils\deprecation.py", line 128, in __call__
    response = self.process_request(request)
               ^^^^^^^^^^^^^^^^^^^^^^^^^^^^^
  File "E:\eXcentriX\Projects\accredit\accredit_server\.venv\Lib\site-packages\django\middleware\security.py", line 28, in process_request
    host = self.redirect_host or request.get_host()
                                 ^^^^^^^^^^^^^^^^^^
  File "E:\eXcentriX\Projects\accredit\accredit_server\.venv\Lib\site-packages\django\http\request.py", line 151, in get_host
    raise DisallowedHost(msg)
django.core.exceptions.DisallowedHost: Invalid HTTP_HOST header: '127.0.0.1:8000'. You may need to add '127.0.0.1' to ALLOWED_HOSTS.
ERROR 2024-12-11 00:50:37,425 exception 29572 15928 Invalid HTTP_HOST header: '127.0.0.1:8000'. You may need to add '127.0.0.1' to ALLOWED_HOSTS.
Traceback (most recent call last):
  File "E:\eXcentriX\Projects\accredit\accredit_server\.venv\Lib\site-packages\django\core\handlers\exception.py", line 55, in inner
    response = get_response(request)
               ^^^^^^^^^^^^^^^^^^^^^
  File "E:\eXcentriX\Projects\accredit\accredit_server\.venv\Lib\site-packages\django\utils\deprecation.py", line 128, in __call__
    response = self.process_request(request)
               ^^^^^^^^^^^^^^^^^^^^^^^^^^^^^
  File "E:\eXcentriX\Projects\accredit\accredit_server\.venv\Lib\site-packages\django\middleware\security.py", line 28, in process_request
    host = self.redirect_host or request.get_host()
                                 ^^^^^^^^^^^^^^^^^^
  File "E:\eXcentriX\Projects\accredit\accredit_server\.venv\Lib\site-packages\django\http\request.py", line 151, in get_host
    raise DisallowedHost(msg)
django.core.exceptions.DisallowedHost: Invalid HTTP_HOST header: '127.0.0.1:8000'. You may need to add '127.0.0.1' to ALLOWED_HOSTS.
ERROR 2024-12-11 00:51:05,385 exception 6244 33200 Invalid HTTP_HOST header: '127.0.0.1:8000'. You may need to add '127.0.0.1' to ALLOWED_HOSTS.
Traceback (most recent call last):
  File "E:\eXcentriX\Projects\accredit\accredit_server\.venv\Lib\site-packages\django\core\handlers\exception.py", line 55, in inner
    response = get_response(request)
               ^^^^^^^^^^^^^^^^^^^^^
  File "E:\eXcentriX\Projects\accredit\accredit_server\.venv\Lib\site-packages\django\utils\deprecation.py", line 128, in __call__
    response = self.process_request(request)
               ^^^^^^^^^^^^^^^^^^^^^^^^^^^^^
  File "E:\eXcentriX\Projects\accredit\accredit_server\.venv\Lib\site-packages\django\middleware\security.py", line 28, in process_request
    host = self.redirect_host or request.get_host()
                                 ^^^^^^^^^^^^^^^^^^
  File "E:\eXcentriX\Projects\accredit\accredit_server\.venv\Lib\site-packages\django\http\request.py", line 151, in get_host
    raise DisallowedHost(msg)
django.core.exceptions.DisallowedHost: Invalid HTTP_HOST header: '127.0.0.1:8000'. You may need to add '127.0.0.1' to ALLOWED_HOSTS.
ERROR 2024-12-11 00:51:05,715 exception 6244 16068 Invalid HTTP_HOST header: '127.0.0.1:8000'. You may need to add '127.0.0.1' to ALLOWED_HOSTS.
Traceback (most recent call last):
  File "E:\eXcentriX\Projects\accredit\accredit_server\.venv\Lib\site-packages\django\core\handlers\exception.py", line 55, in inner
    response = get_response(request)
               ^^^^^^^^^^^^^^^^^^^^^
  File "E:\eXcentriX\Projects\accredit\accredit_server\.venv\Lib\site-packages\django\utils\deprecation.py", line 128, in __call__
    response = self.process_request(request)
               ^^^^^^^^^^^^^^^^^^^^^^^^^^^^^
  File "E:\eXcentriX\Projects\accredit\accredit_server\.venv\Lib\site-packages\django\middleware\security.py", line 28, in process_request
    host = self.redirect_host or request.get_host()
                                 ^^^^^^^^^^^^^^^^^^
  File "E:\eXcentriX\Projects\accredit\accredit_server\.venv\Lib\site-packages\django\http\request.py", line 151, in get_host
    raise DisallowedHost(msg)
django.core.exceptions.DisallowedHost: Invalid HTTP_HOST header: '127.0.0.1:8000'. You may need to add '127.0.0.1' to ALLOWED_HOSTS.
ERROR 2024-12-11 00:51:06,567 exception 6244 37356 Invalid HTTP_HOST header: '127.0.0.1:8000'. You may need to add '127.0.0.1' to ALLOWED_HOSTS.
Traceback (most recent call last):
  File "E:\eXcentriX\Projects\accredit\accredit_server\.venv\Lib\site-packages\django\core\handlers\exception.py", line 55, in inner
    response = get_response(request)
               ^^^^^^^^^^^^^^^^^^^^^
  File "E:\eXcentriX\Projects\accredit\accredit_server\.venv\Lib\site-packages\django\utils\deprecation.py", line 128, in __call__
    response = self.process_request(request)
               ^^^^^^^^^^^^^^^^^^^^^^^^^^^^^
  File "E:\eXcentriX\Projects\accredit\accredit_server\.venv\Lib\site-packages\django\middleware\security.py", line 28, in process_request
    host = self.redirect_host or request.get_host()
                                 ^^^^^^^^^^^^^^^^^^
  File "E:\eXcentriX\Projects\accredit\accredit_server\.venv\Lib\site-packages\django\http\request.py", line 151, in get_host
    raise DisallowedHost(msg)
django.core.exceptions.DisallowedHost: Invalid HTTP_HOST header: '127.0.0.1:8000'. You may need to add '127.0.0.1' to ALLOWED_HOSTS.
ERROR 2024-12-11 00:51:06,880 exception 6244 30672 Invalid HTTP_HOST header: '127.0.0.1:8000'. You may need to add '127.0.0.1' to ALLOWED_HOSTS.
Traceback (most recent call last):
  File "E:\eXcentriX\Projects\accredit\accredit_server\.venv\Lib\site-packages\django\core\handlers\exception.py", line 55, in inner
    response = get_response(request)
               ^^^^^^^^^^^^^^^^^^^^^
  File "E:\eXcentriX\Projects\accredit\accredit_server\.venv\Lib\site-packages\django\utils\deprecation.py", line 128, in __call__
    response = self.process_request(request)
               ^^^^^^^^^^^^^^^^^^^^^^^^^^^^^
  File "E:\eXcentriX\Projects\accredit\accredit_server\.venv\Lib\site-packages\django\middleware\security.py", line 28, in process_request
    host = self.redirect_host or request.get_host()
                                 ^^^^^^^^^^^^^^^^^^
  File "E:\eXcentriX\Projects\accredit\accredit_server\.venv\Lib\site-packages\django\http\request.py", line 151, in get_host
    raise DisallowedHost(msg)
django.core.exceptions.DisallowedHost: Invalid HTTP_HOST header: '127.0.0.1:8000'. You may need to add '127.0.0.1' to ALLOWED_HOSTS.
ERROR 2024-12-11 00:51:07,042 exception 6244 20828 Invalid HTTP_HOST header: '127.0.0.1:8000'. You may need to add '127.0.0.1' to ALLOWED_HOSTS.
Traceback (most recent call last):
  File "E:\eXcentriX\Projects\accredit\accredit_server\.venv\Lib\site-packages\django\core\handlers\exception.py", line 55, in inner
    response = get_response(request)
               ^^^^^^^^^^^^^^^^^^^^^
  File "E:\eXcentriX\Projects\accredit\accredit_server\.venv\Lib\site-packages\django\utils\deprecation.py", line 128, in __call__
    response = self.process_request(request)
               ^^^^^^^^^^^^^^^^^^^^^^^^^^^^^
  File "E:\eXcentriX\Projects\accredit\accredit_server\.venv\Lib\site-packages\django\middleware\security.py", line 28, in process_request
    host = self.redirect_host or request.get_host()
                                 ^^^^^^^^^^^^^^^^^^
  File "E:\eXcentriX\Projects\accredit\accredit_server\.venv\Lib\site-packages\django\http\request.py", line 151, in get_host
    raise DisallowedHost(msg)
django.core.exceptions.DisallowedHost: Invalid HTTP_HOST header: '127.0.0.1:8000'. You may need to add '127.0.0.1' to ALLOWED_HOSTS.
ERROR 2024-12-11 00:51:07,377 exception 6244 12484 Invalid HTTP_HOST header: '127.0.0.1:8000'. You may need to add '127.0.0.1' to ALLOWED_HOSTS.
Traceback (most recent call last):
  File "E:\eXcentriX\Projects\accredit\accredit_server\.venv\Lib\site-packages\django\core\handlers\exception.py", line 55, in inner
    response = get_response(request)
               ^^^^^^^^^^^^^^^^^^^^^
  File "E:\eXcentriX\Projects\accredit\accredit_server\.venv\Lib\site-packages\django\utils\deprecation.py", line 128, in __call__
    response = self.process_request(request)
               ^^^^^^^^^^^^^^^^^^^^^^^^^^^^^
  File "E:\eXcentriX\Projects\accredit\accredit_server\.venv\Lib\site-packages\django\middleware\security.py", line 28, in process_request
    host = self.redirect_host or request.get_host()
                                 ^^^^^^^^^^^^^^^^^^
  File "E:\eXcentriX\Projects\accredit\accredit_server\.venv\Lib\site-packages\django\http\request.py", line 151, in get_host
    raise DisallowedHost(msg)
django.core.exceptions.DisallowedHost: Invalid HTTP_HOST header: '127.0.0.1:8000'. You may need to add '127.0.0.1' to ALLOWED_HOSTS.
ERROR 2024-12-11 00:51:10,966 exception 6244 11532 Invalid HTTP_HOST header: '127.0.0.1:8000'. You may need to add '127.0.0.1' to ALLOWED_HOSTS.
Traceback (most recent call last):
  File "E:\eXcentriX\Projects\accredit\accredit_server\.venv\Lib\site-packages\django\core\handlers\exception.py", line 55, in inner
    response = get_response(request)
               ^^^^^^^^^^^^^^^^^^^^^
  File "E:\eXcentriX\Projects\accredit\accredit_server\.venv\Lib\site-packages\django\utils\deprecation.py", line 128, in __call__
    response = self.process_request(request)
               ^^^^^^^^^^^^^^^^^^^^^^^^^^^^^
  File "E:\eXcentriX\Projects\accredit\accredit_server\.venv\Lib\site-packages\django\middleware\security.py", line 28, in process_request
    host = self.redirect_host or request.get_host()
                                 ^^^^^^^^^^^^^^^^^^
  File "E:\eXcentriX\Projects\accredit\accredit_server\.venv\Lib\site-packages\django\http\request.py", line 151, in get_host
    raise DisallowedHost(msg)
django.core.exceptions.DisallowedHost: Invalid HTTP_HOST header: '127.0.0.1:8000'. You may need to add '127.0.0.1' to ALLOWED_HOSTS.
ERROR 2024-12-11 00:51:11,274 exception 6244 7096 Invalid HTTP_HOST header: '127.0.0.1:8000'. You may need to add '127.0.0.1' to ALLOWED_HOSTS.
Traceback (most recent call last):
  File "E:\eXcentriX\Projects\accredit\accredit_server\.venv\Lib\site-packages\django\core\handlers\exception.py", line 55, in inner
    response = get_response(request)
               ^^^^^^^^^^^^^^^^^^^^^
  File "E:\eXcentriX\Projects\accredit\accredit_server\.venv\Lib\site-packages\django\utils\deprecation.py", line 128, in __call__
    response = self.process_request(request)
               ^^^^^^^^^^^^^^^^^^^^^^^^^^^^^
  File "E:\eXcentriX\Projects\accredit\accredit_server\.venv\Lib\site-packages\django\middleware\security.py", line 28, in process_request
    host = self.redirect_host or request.get_host()
                                 ^^^^^^^^^^^^^^^^^^
  File "E:\eXcentriX\Projects\accredit\accredit_server\.venv\Lib\site-packages\django\http\request.py", line 151, in get_host
    raise DisallowedHost(msg)
django.core.exceptions.DisallowedHost: Invalid HTTP_HOST header: '127.0.0.1:8000'. You may need to add '127.0.0.1' to ALLOWED_HOSTS.
ERROR 2024-12-11 00:51:28,125 exception 17860 12780 Invalid HTTP_HOST header: '127.0.0.1:8000'. You may need to add '127.0.0.1' to ALLOWED_HOSTS.
Traceback (most recent call last):
  File "E:\eXcentriX\Projects\accredit\accredit_server\.venv\Lib\site-packages\django\core\handlers\exception.py", line 55, in inner
    response = get_response(request)
               ^^^^^^^^^^^^^^^^^^^^^
  File "E:\eXcentriX\Projects\accredit\accredit_server\.venv\Lib\site-packages\django\utils\deprecation.py", line 128, in __call__
    response = self.process_request(request)
               ^^^^^^^^^^^^^^^^^^^^^^^^^^^^^
  File "E:\eXcentriX\Projects\accredit\accredit_server\.venv\Lib\site-packages\django\middleware\security.py", line 28, in process_request
    host = self.redirect_host or request.get_host()
                                 ^^^^^^^^^^^^^^^^^^
  File "E:\eXcentriX\Projects\accredit\accredit_server\.venv\Lib\site-packages\django\http\request.py", line 151, in get_host
    raise DisallowedHost(msg)
django.core.exceptions.DisallowedHost: Invalid HTTP_HOST header: '127.0.0.1:8000'. You may need to add '127.0.0.1' to ALLOWED_HOSTS.
ERROR 2024-12-11 00:51:28,457 exception 17860 1484 Invalid HTTP_HOST header: '127.0.0.1:8000'. You may need to add '127.0.0.1' to ALLOWED_HOSTS.
Traceback (most recent call last):
  File "E:\eXcentriX\Projects\accredit\accredit_server\.venv\Lib\site-packages\django\core\handlers\exception.py", line 55, in inner
    response = get_response(request)
               ^^^^^^^^^^^^^^^^^^^^^
  File "E:\eXcentriX\Projects\accredit\accredit_server\.venv\Lib\site-packages\django\utils\deprecation.py", line 128, in __call__
    response = self.process_request(request)
               ^^^^^^^^^^^^^^^^^^^^^^^^^^^^^
  File "E:\eXcentriX\Projects\accredit\accredit_server\.venv\Lib\site-packages\django\middleware\security.py", line 28, in process_request
    host = self.redirect_host or request.get_host()
                                 ^^^^^^^^^^^^^^^^^^
  File "E:\eXcentriX\Projects\accredit\accredit_server\.venv\Lib\site-packages\django\http\request.py", line 151, in get_host
    raise DisallowedHost(msg)
django.core.exceptions.DisallowedHost: Invalid HTTP_HOST header: '127.0.0.1:8000'. You may need to add '127.0.0.1' to ALLOWED_HOSTS.
ERROR 2024-12-11 00:51:29,203 exception 17860 35760 Invalid HTTP_HOST header: '127.0.0.1:8000'. You may need to add '127.0.0.1' to ALLOWED_HOSTS.
Traceback (most recent call last):
  File "E:\eXcentriX\Projects\accredit\accredit_server\.venv\Lib\site-packages\django\core\handlers\exception.py", line 55, in inner
    response = get_response(request)
               ^^^^^^^^^^^^^^^^^^^^^
  File "E:\eXcentriX\Projects\accredit\accredit_server\.venv\Lib\site-packages\django\utils\deprecation.py", line 128, in __call__
    response = self.process_request(request)
               ^^^^^^^^^^^^^^^^^^^^^^^^^^^^^
  File "E:\eXcentriX\Projects\accredit\accredit_server\.venv\Lib\site-packages\django\middleware\security.py", line 28, in process_request
    host = self.redirect_host or request.get_host()
                                 ^^^^^^^^^^^^^^^^^^
  File "E:\eXcentriX\Projects\accredit\accredit_server\.venv\Lib\site-packages\django\http\request.py", line 151, in get_host
    raise DisallowedHost(msg)
django.core.exceptions.DisallowedHost: Invalid HTTP_HOST header: '127.0.0.1:8000'. You may need to add '127.0.0.1' to ALLOWED_HOSTS.
ERROR 2024-12-11 00:51:29,486 exception 17860 3704 Invalid HTTP_HOST header: '127.0.0.1:8000'. You may need to add '127.0.0.1' to ALLOWED_HOSTS.
Traceback (most recent call last):
  File "E:\eXcentriX\Projects\accredit\accredit_server\.venv\Lib\site-packages\django\core\handlers\exception.py", line 55, in inner
    response = get_response(request)
               ^^^^^^^^^^^^^^^^^^^^^
  File "E:\eXcentriX\Projects\accredit\accredit_server\.venv\Lib\site-packages\django\utils\deprecation.py", line 128, in __call__
    response = self.process_request(request)
               ^^^^^^^^^^^^^^^^^^^^^^^^^^^^^
  File "E:\eXcentriX\Projects\accredit\accredit_server\.venv\Lib\site-packages\django\middleware\security.py", line 28, in process_request
    host = self.redirect_host or request.get_host()
                                 ^^^^^^^^^^^^^^^^^^
  File "E:\eXcentriX\Projects\accredit\accredit_server\.venv\Lib\site-packages\django\http\request.py", line 151, in get_host
    raise DisallowedHost(msg)
django.core.exceptions.DisallowedHost: Invalid HTTP_HOST header: '127.0.0.1:8000'. You may need to add '127.0.0.1' to ALLOWED_HOSTS.
ERROR 2024-12-11 00:51:29,528 exception 17860 27024 Invalid HTTP_HOST header: '127.0.0.1:8000'. You may need to add '127.0.0.1' to ALLOWED_HOSTS.
Traceback (most recent call last):
  File "E:\eXcentriX\Projects\accredit\accredit_server\.venv\Lib\site-packages\django\core\handlers\exception.py", line 55, in inner
    response = get_response(request)
               ^^^^^^^^^^^^^^^^^^^^^
  File "E:\eXcentriX\Projects\accredit\accredit_server\.venv\Lib\site-packages\django\utils\deprecation.py", line 128, in __call__
    response = self.process_request(request)
               ^^^^^^^^^^^^^^^^^^^^^^^^^^^^^
  File "E:\eXcentriX\Projects\accredit\accredit_server\.venv\Lib\site-packages\django\middleware\security.py", line 28, in process_request
    host = self.redirect_host or request.get_host()
                                 ^^^^^^^^^^^^^^^^^^
  File "E:\eXcentriX\Projects\accredit\accredit_server\.venv\Lib\site-packages\django\http\request.py", line 151, in get_host
    raise DisallowedHost(msg)
django.core.exceptions.DisallowedHost: Invalid HTTP_HOST header: '127.0.0.1:8000'. You may need to add '127.0.0.1' to ALLOWED_HOSTS.
ERROR 2024-12-11 00:51:29,834 exception 17860 32896 Invalid HTTP_HOST header: '127.0.0.1:8000'. You may need to add '127.0.0.1' to ALLOWED_HOSTS.
Traceback (most recent call last):
  File "E:\eXcentriX\Projects\accredit\accredit_server\.venv\Lib\site-packages\django\core\handlers\exception.py", line 55, in inner
    response = get_response(request)
               ^^^^^^^^^^^^^^^^^^^^^
  File "E:\eXcentriX\Projects\accredit\accredit_server\.venv\Lib\site-packages\django\utils\deprecation.py", line 128, in __call__
    response = self.process_request(request)
               ^^^^^^^^^^^^^^^^^^^^^^^^^^^^^
  File "E:\eXcentriX\Projects\accredit\accredit_server\.venv\Lib\site-packages\django\middleware\security.py", line 28, in process_request
    host = self.redirect_host or request.get_host()
                                 ^^^^^^^^^^^^^^^^^^
  File "E:\eXcentriX\Projects\accredit\accredit_server\.venv\Lib\site-packages\django\http\request.py", line 151, in get_host
    raise DisallowedHost(msg)
django.core.exceptions.DisallowedHost: Invalid HTTP_HOST header: '127.0.0.1:8000'. You may need to add '127.0.0.1' to ALLOWED_HOSTS.
ERROR 2024-12-11 00:51:35,177 exception 17860 36588 Invalid HTTP_HOST header: 'localhost:8000'. You may need to add 'localhost' to ALLOWED_HOSTS.
Traceback (most recent call last):
  File "E:\eXcentriX\Projects\accredit\accredit_server\.venv\Lib\site-packages\django\core\handlers\exception.py", line 55, in inner
    response = get_response(request)
               ^^^^^^^^^^^^^^^^^^^^^
  File "E:\eXcentriX\Projects\accredit\accredit_server\.venv\Lib\site-packages\django\utils\deprecation.py", line 128, in __call__
    response = self.process_request(request)
               ^^^^^^^^^^^^^^^^^^^^^^^^^^^^^
  File "E:\eXcentriX\Projects\accredit\accredit_server\.venv\Lib\site-packages\django\middleware\security.py", line 28, in process_request
    host = self.redirect_host or request.get_host()
                                 ^^^^^^^^^^^^^^^^^^
  File "E:\eXcentriX\Projects\accredit\accredit_server\.venv\Lib\site-packages\django\http\request.py", line 151, in get_host
    raise DisallowedHost(msg)
django.core.exceptions.DisallowedHost: Invalid HTTP_HOST header: 'localhost:8000'. You may need to add 'localhost' to ALLOWED_HOSTS.
ERROR 2024-12-11 00:51:35,443 exception 17860 28856 Invalid HTTP_HOST header: 'localhost:8000'. You may need to add 'localhost' to ALLOWED_HOSTS.
Traceback (most recent call last):
  File "E:\eXcentriX\Projects\accredit\accredit_server\.venv\Lib\site-packages\django\core\handlers\exception.py", line 55, in inner
    response = get_response(request)
               ^^^^^^^^^^^^^^^^^^^^^
  File "E:\eXcentriX\Projects\accredit\accredit_server\.venv\Lib\site-packages\django\utils\deprecation.py", line 128, in __call__
    response = self.process_request(request)
               ^^^^^^^^^^^^^^^^^^^^^^^^^^^^^
  File "E:\eXcentriX\Projects\accredit\accredit_server\.venv\Lib\site-packages\django\middleware\security.py", line 28, in process_request
    host = self.redirect_host or request.get_host()
                                 ^^^^^^^^^^^^^^^^^^
  File "E:\eXcentriX\Projects\accredit\accredit_server\.venv\Lib\site-packages\django\http\request.py", line 151, in get_host
    raise DisallowedHost(msg)
django.core.exceptions.DisallowedHost: Invalid HTTP_HOST header: 'localhost:8000'. You may need to add 'localhost' to ALLOWED_HOSTS.
ERROR 2024-12-11 00:51:50,519 exception 17860 9320 Invalid HTTP_HOST header: 'localhost:8000'. You may need to add 'localhost' to ALLOWED_HOSTS.
Traceback (most recent call last):
  File "E:\eXcentriX\Projects\accredit\accredit_server\.venv\Lib\site-packages\django\core\handlers\exception.py", line 55, in inner
    response = get_response(request)
               ^^^^^^^^^^^^^^^^^^^^^
  File "E:\eXcentriX\Projects\accredit\accredit_server\.venv\Lib\site-packages\django\utils\deprecation.py", line 128, in __call__
    response = self.process_request(request)
               ^^^^^^^^^^^^^^^^^^^^^^^^^^^^^
  File "E:\eXcentriX\Projects\accredit\accredit_server\.venv\Lib\site-packages\django\middleware\security.py", line 28, in process_request
    host = self.redirect_host or request.get_host()
                                 ^^^^^^^^^^^^^^^^^^
  File "E:\eXcentriX\Projects\accredit\accredit_server\.venv\Lib\site-packages\django\http\request.py", line 151, in get_host
    raise DisallowedHost(msg)
django.core.exceptions.DisallowedHost: Invalid HTTP_HOST header: 'localhost:8000'. You may need to add 'localhost' to ALLOWED_HOSTS.
ERROR 2024-12-11 00:51:56,099 exception 17860 11432 Invalid HTTP_HOST header: 'localhost:8000'. You may need to add 'localhost' to ALLOWED_HOSTS.
Traceback (most recent call last):
  File "E:\eXcentriX\Projects\accredit\accredit_server\.venv\Lib\site-packages\django\core\handlers\exception.py", line 55, in inner
    response = get_response(request)
               ^^^^^^^^^^^^^^^^^^^^^
  File "E:\eXcentriX\Projects\accredit\accredit_server\.venv\Lib\site-packages\django\utils\deprecation.py", line 128, in __call__
    response = self.process_request(request)
               ^^^^^^^^^^^^^^^^^^^^^^^^^^^^^
  File "E:\eXcentriX\Projects\accredit\accredit_server\.venv\Lib\site-packages\django\middleware\security.py", line 28, in process_request
    host = self.redirect_host or request.get_host()
                                 ^^^^^^^^^^^^^^^^^^
  File "E:\eXcentriX\Projects\accredit\accredit_server\.venv\Lib\site-packages\django\http\request.py", line 151, in get_host
    raise DisallowedHost(msg)
django.core.exceptions.DisallowedHost: Invalid HTTP_HOST header: 'localhost:8000'. You may need to add 'localhost' to ALLOWED_HOSTS.
ERROR 2024-12-11 00:53:23,066 exception 17860 19636 Invalid HTTP_HOST header: 'localhost:8000'. You may need to add 'localhost' to ALLOWED_HOSTS.
Traceback (most recent call last):
  File "E:\eXcentriX\Projects\accredit\accredit_server\.venv\Lib\site-packages\django\core\handlers\exception.py", line 55, in inner
    response = get_response(request)
               ^^^^^^^^^^^^^^^^^^^^^
  File "E:\eXcentriX\Projects\accredit\accredit_server\.venv\Lib\site-packages\django\utils\deprecation.py", line 128, in __call__
    response = self.process_request(request)
               ^^^^^^^^^^^^^^^^^^^^^^^^^^^^^
  File "E:\eXcentriX\Projects\accredit\accredit_server\.venv\Lib\site-packages\django\middleware\security.py", line 28, in process_request
    host = self.redirect_host or request.get_host()
                                 ^^^^^^^^^^^^^^^^^^
  File "E:\eXcentriX\Projects\accredit\accredit_server\.venv\Lib\site-packages\django\http\request.py", line 151, in get_host
    raise DisallowedHost(msg)
django.core.exceptions.DisallowedHost: Invalid HTTP_HOST header: 'localhost:8000'. You may need to add 'localhost' to ALLOWED_HOSTS.
ERROR 2024-12-11 00:53:55,717 exception 29432 4680 Invalid HTTP_HOST header: 'localhost:8000'. You may need to add 'localhost' to ALLOWED_HOSTS.
Traceback (most recent call last):
  File "E:\eXcentriX\Projects\accredit\accredit_server\.venv\Lib\site-packages\django\core\handlers\exception.py", line 55, in inner
    response = get_response(request)
               ^^^^^^^^^^^^^^^^^^^^^
  File "E:\eXcentriX\Projects\accredit\accredit_server\.venv\Lib\site-packages\django\utils\deprecation.py", line 128, in __call__
    response = self.process_request(request)
               ^^^^^^^^^^^^^^^^^^^^^^^^^^^^^
  File "E:\eXcentriX\Projects\accredit\accredit_server\.venv\Lib\site-packages\django\middleware\security.py", line 28, in process_request
    host = self.redirect_host or request.get_host()
                                 ^^^^^^^^^^^^^^^^^^
  File "E:\eXcentriX\Projects\accredit\accredit_server\.venv\Lib\site-packages\django\http\request.py", line 151, in get_host
    raise DisallowedHost(msg)
django.core.exceptions.DisallowedHost: Invalid HTTP_HOST header: 'localhost:8000'. You may need to add 'localhost' to ALLOWED_HOSTS.
ERROR 2024-12-11 00:53:55,982 exception 29432 34476 Invalid HTTP_HOST header: 'localhost:8000'. You may need to add 'localhost' to ALLOWED_HOSTS.
Traceback (most recent call last):
  File "E:\eXcentriX\Projects\accredit\accredit_server\.venv\Lib\site-packages\django\core\handlers\exception.py", line 55, in inner
    response = get_response(request)
               ^^^^^^^^^^^^^^^^^^^^^
  File "E:\eXcentriX\Projects\accredit\accredit_server\.venv\Lib\site-packages\django\utils\deprecation.py", line 128, in __call__
    response = self.process_request(request)
               ^^^^^^^^^^^^^^^^^^^^^^^^^^^^^
  File "E:\eXcentriX\Projects\accredit\accredit_server\.venv\Lib\site-packages\django\middleware\security.py", line 28, in process_request
    host = self.redirect_host or request.get_host()
                                 ^^^^^^^^^^^^^^^^^^
  File "E:\eXcentriX\Projects\accredit\accredit_server\.venv\Lib\site-packages\django\http\request.py", line 151, in get_host
    raise DisallowedHost(msg)
django.core.exceptions.DisallowedHost: Invalid HTTP_HOST header: 'localhost:8000'. You may need to add 'localhost' to ALLOWED_HOSTS.
ERROR 2024-12-11 00:53:56,268 exception 29432 16024 Invalid HTTP_HOST header: 'localhost:8000'. You may need to add 'localhost' to ALLOWED_HOSTS.
Traceback (most recent call last):
  File "E:\eXcentriX\Projects\accredit\accredit_server\.venv\Lib\site-packages\django\core\handlers\exception.py", line 55, in inner
    response = get_response(request)
               ^^^^^^^^^^^^^^^^^^^^^
  File "E:\eXcentriX\Projects\accredit\accredit_server\.venv\Lib\site-packages\django\utils\deprecation.py", line 128, in __call__
    response = self.process_request(request)
               ^^^^^^^^^^^^^^^^^^^^^^^^^^^^^
  File "E:\eXcentriX\Projects\accredit\accredit_server\.venv\Lib\site-packages\django\middleware\security.py", line 28, in process_request
    host = self.redirect_host or request.get_host()
                                 ^^^^^^^^^^^^^^^^^^
  File "E:\eXcentriX\Projects\accredit\accredit_server\.venv\Lib\site-packages\django\http\request.py", line 151, in get_host
    raise DisallowedHost(msg)
django.core.exceptions.DisallowedHost: Invalid HTTP_HOST header: 'localhost:8000'. You may need to add 'localhost' to ALLOWED_HOSTS.
ERROR 2024-12-11 00:53:56,620 exception 29432 17836 Invalid HTTP_HOST header: 'localhost:8000'. You may need to add 'localhost' to ALLOWED_HOSTS.
Traceback (most recent call last):
  File "E:\eXcentriX\Projects\accredit\accredit_server\.venv\Lib\site-packages\django\core\handlers\exception.py", line 55, in inner
    response = get_response(request)
               ^^^^^^^^^^^^^^^^^^^^^
  File "E:\eXcentriX\Projects\accredit\accredit_server\.venv\Lib\site-packages\django\utils\deprecation.py", line 128, in __call__
    response = self.process_request(request)
               ^^^^^^^^^^^^^^^^^^^^^^^^^^^^^
  File "E:\eXcentriX\Projects\accredit\accredit_server\.venv\Lib\site-packages\django\middleware\security.py", line 28, in process_request
    host = self.redirect_host or request.get_host()
                                 ^^^^^^^^^^^^^^^^^^
  File "E:\eXcentriX\Projects\accredit\accredit_server\.venv\Lib\site-packages\django\http\request.py", line 151, in get_host
    raise DisallowedHost(msg)
django.core.exceptions.DisallowedHost: Invalid HTTP_HOST header: 'localhost:8000'. You may need to add 'localhost' to ALLOWED_HOSTS.
ERROR 2024-12-11 00:53:56,792 exception 29432 37024 Invalid HTTP_HOST header: 'localhost:8000'. You may need to add 'localhost' to ALLOWED_HOSTS.
Traceback (most recent call last):
  File "E:\eXcentriX\Projects\accredit\accredit_server\.venv\Lib\site-packages\django\core\handlers\exception.py", line 55, in inner
    response = get_response(request)
               ^^^^^^^^^^^^^^^^^^^^^
  File "E:\eXcentriX\Projects\accredit\accredit_server\.venv\Lib\site-packages\django\utils\deprecation.py", line 128, in __call__
    response = self.process_request(request)
               ^^^^^^^^^^^^^^^^^^^^^^^^^^^^^
  File "E:\eXcentriX\Projects\accredit\accredit_server\.venv\Lib\site-packages\django\middleware\security.py", line 28, in process_request
    host = self.redirect_host or request.get_host()
                                 ^^^^^^^^^^^^^^^^^^
  File "E:\eXcentriX\Projects\accredit\accredit_server\.venv\Lib\site-packages\django\http\request.py", line 151, in get_host
    raise DisallowedHost(msg)
django.core.exceptions.DisallowedHost: Invalid HTTP_HOST header: 'localhost:8000'. You may need to add 'localhost' to ALLOWED_HOSTS.
ERROR 2024-12-11 00:53:56,885 exception 29432 5320 Invalid HTTP_HOST header: 'localhost:8000'. You may need to add 'localhost' to ALLOWED_HOSTS.
Traceback (most recent call last):
  File "E:\eXcentriX\Projects\accredit\accredit_server\.venv\Lib\site-packages\django\core\handlers\exception.py", line 55, in inner
    response = get_response(request)
               ^^^^^^^^^^^^^^^^^^^^^
  File "E:\eXcentriX\Projects\accredit\accredit_server\.venv\Lib\site-packages\django\utils\deprecation.py", line 128, in __call__
    response = self.process_request(request)
               ^^^^^^^^^^^^^^^^^^^^^^^^^^^^^
  File "E:\eXcentriX\Projects\accredit\accredit_server\.venv\Lib\site-packages\django\middleware\security.py", line 28, in process_request
    host = self.redirect_host or request.get_host()
                                 ^^^^^^^^^^^^^^^^^^
  File "E:\eXcentriX\Projects\accredit\accredit_server\.venv\Lib\site-packages\django\http\request.py", line 151, in get_host
    raise DisallowedHost(msg)
django.core.exceptions.DisallowedHost: Invalid HTTP_HOST header: 'localhost:8000'. You may need to add 'localhost' to ALLOWED_HOSTS.
ERROR 2024-12-11 00:53:56,978 exception 29432 32892 Invalid HTTP_HOST header: 'localhost:8000'. You may need to add 'localhost' to ALLOWED_HOSTS.
Traceback (most recent call last):
  File "E:\eXcentriX\Projects\accredit\accredit_server\.venv\Lib\site-packages\django\core\handlers\exception.py", line 55, in inner
    response = get_response(request)
               ^^^^^^^^^^^^^^^^^^^^^
  File "E:\eXcentriX\Projects\accredit\accredit_server\.venv\Lib\site-packages\django\utils\deprecation.py", line 128, in __call__
    response = self.process_request(request)
               ^^^^^^^^^^^^^^^^^^^^^^^^^^^^^
  File "E:\eXcentriX\Projects\accredit\accredit_server\.venv\Lib\site-packages\django\middleware\security.py", line 28, in process_request
    host = self.redirect_host or request.get_host()
                                 ^^^^^^^^^^^^^^^^^^
  File "E:\eXcentriX\Projects\accredit\accredit_server\.venv\Lib\site-packages\django\http\request.py", line 151, in get_host
    raise DisallowedHost(msg)
django.core.exceptions.DisallowedHost: Invalid HTTP_HOST header: 'localhost:8000'. You may need to add 'localhost' to ALLOWED_HOSTS.
ERROR 2024-12-11 00:53:57,149 exception 29432 16892 Invalid HTTP_HOST header: 'localhost:8000'. You may need to add 'localhost' to ALLOWED_HOSTS.
Traceback (most recent call last):
  File "E:\eXcentriX\Projects\accredit\accredit_server\.venv\Lib\site-packages\django\core\handlers\exception.py", line 55, in inner
    response = get_response(request)
               ^^^^^^^^^^^^^^^^^^^^^
  File "E:\eXcentriX\Projects\accredit\accredit_server\.venv\Lib\site-packages\django\utils\deprecation.py", line 128, in __call__
    response = self.process_request(request)
               ^^^^^^^^^^^^^^^^^^^^^^^^^^^^^
  File "E:\eXcentriX\Projects\accredit\accredit_server\.venv\Lib\site-packages\django\middleware\security.py", line 28, in process_request
    host = self.redirect_host or request.get_host()
                                 ^^^^^^^^^^^^^^^^^^
  File "E:\eXcentriX\Projects\accredit\accredit_server\.venv\Lib\site-packages\django\http\request.py", line 151, in get_host
    raise DisallowedHost(msg)
django.core.exceptions.DisallowedHost: Invalid HTTP_HOST header: 'localhost:8000'. You may need to add 'localhost' to ALLOWED_HOSTS.
ERROR 2024-12-11 00:53:57,243 exception 29432 31568 Invalid HTTP_HOST header: 'localhost:8000'. You may need to add 'localhost' to ALLOWED_HOSTS.
Traceback (most recent call last):
  File "E:\eXcentriX\Projects\accredit\accredit_server\.venv\Lib\site-packages\django\core\handlers\exception.py", line 55, in inner
    response = get_response(request)
               ^^^^^^^^^^^^^^^^^^^^^
  File "E:\eXcentriX\Projects\accredit\accredit_server\.venv\Lib\site-packages\django\utils\deprecation.py", line 128, in __call__
    response = self.process_request(request)
               ^^^^^^^^^^^^^^^^^^^^^^^^^^^^^
  File "E:\eXcentriX\Projects\accredit\accredit_server\.venv\Lib\site-packages\django\middleware\security.py", line 28, in process_request
    host = self.redirect_host or request.get_host()
                                 ^^^^^^^^^^^^^^^^^^
  File "E:\eXcentriX\Projects\accredit\accredit_server\.venv\Lib\site-packages\django\http\request.py", line 151, in get_host
    raise DisallowedHost(msg)
django.core.exceptions.DisallowedHost: Invalid HTTP_HOST header: 'localhost:8000'. You may need to add 'localhost' to ALLOWED_HOSTS.
ERROR 2024-12-11 00:53:57,332 exception 29432 15124 Invalid HTTP_HOST header: 'localhost:8000'. You may need to add 'localhost' to ALLOWED_HOSTS.
Traceback (most recent call last):
  File "E:\eXcentriX\Projects\accredit\accredit_server\.venv\Lib\site-packages\django\core\handlers\exception.py", line 55, in inner
    response = get_response(request)
               ^^^^^^^^^^^^^^^^^^^^^
  File "E:\eXcentriX\Projects\accredit\accredit_server\.venv\Lib\site-packages\django\utils\deprecation.py", line 128, in __call__
    response = self.process_request(request)
               ^^^^^^^^^^^^^^^^^^^^^^^^^^^^^
  File "E:\eXcentriX\Projects\accredit\accredit_server\.venv\Lib\site-packages\django\middleware\security.py", line 28, in process_request
    host = self.redirect_host or request.get_host()
                                 ^^^^^^^^^^^^^^^^^^
  File "E:\eXcentriX\Projects\accredit\accredit_server\.venv\Lib\site-packages\django\http\request.py", line 151, in get_host
    raise DisallowedHost(msg)
django.core.exceptions.DisallowedHost: Invalid HTTP_HOST header: 'localhost:8000'. You may need to add 'localhost' to ALLOWED_HOSTS.
ERROR 2024-12-11 00:53:57,507 exception 29432 23192 Invalid HTTP_HOST header: 'localhost:8000'. You may need to add 'localhost' to ALLOWED_HOSTS.
Traceback (most recent call last):
  File "E:\eXcentriX\Projects\accredit\accredit_server\.venv\Lib\site-packages\django\core\handlers\exception.py", line 55, in inner
    response = get_response(request)
               ^^^^^^^^^^^^^^^^^^^^^
  File "E:\eXcentriX\Projects\accredit\accredit_server\.venv\Lib\site-packages\django\utils\deprecation.py", line 128, in __call__
    response = self.process_request(request)
               ^^^^^^^^^^^^^^^^^^^^^^^^^^^^^
  File "E:\eXcentriX\Projects\accredit\accredit_server\.venv\Lib\site-packages\django\middleware\security.py", line 28, in process_request
    host = self.redirect_host or request.get_host()
                                 ^^^^^^^^^^^^^^^^^^
  File "E:\eXcentriX\Projects\accredit\accredit_server\.venv\Lib\site-packages\django\http\request.py", line 151, in get_host
    raise DisallowedHost(msg)
django.core.exceptions.DisallowedHost: Invalid HTTP_HOST header: 'localhost:8000'. You may need to add 'localhost' to ALLOWED_HOSTS.
ERROR 2024-12-11 00:54:00,395 exception 29432 37732 Invalid HTTP_HOST header: '127.0.0.1:8000'. You may need to add '127.0.0.1' to ALLOWED_HOSTS.
Traceback (most recent call last):
  File "E:\eXcentriX\Projects\accredit\accredit_server\.venv\Lib\site-packages\django\core\handlers\exception.py", line 55, in inner
    response = get_response(request)
               ^^^^^^^^^^^^^^^^^^^^^
  File "E:\eXcentriX\Projects\accredit\accredit_server\.venv\Lib\site-packages\django\utils\deprecation.py", line 128, in __call__
    response = self.process_request(request)
               ^^^^^^^^^^^^^^^^^^^^^^^^^^^^^
  File "E:\eXcentriX\Projects\accredit\accredit_server\.venv\Lib\site-packages\django\middleware\security.py", line 28, in process_request
    host = self.redirect_host or request.get_host()
                                 ^^^^^^^^^^^^^^^^^^
  File "E:\eXcentriX\Projects\accredit\accredit_server\.venv\Lib\site-packages\django\http\request.py", line 151, in get_host
    raise DisallowedHost(msg)
django.core.exceptions.DisallowedHost: Invalid HTTP_HOST header: '127.0.0.1:8000'. You may need to add '127.0.0.1' to ALLOWED_HOSTS.
ERROR 2024-12-11 00:54:00,679 exception 29432 20944 Invalid HTTP_HOST header: '127.0.0.1:8000'. You may need to add '127.0.0.1' to ALLOWED_HOSTS.
Traceback (most recent call last):
  File "E:\eXcentriX\Projects\accredit\accredit_server\.venv\Lib\site-packages\django\core\handlers\exception.py", line 55, in inner
    response = get_response(request)
               ^^^^^^^^^^^^^^^^^^^^^
  File "E:\eXcentriX\Projects\accredit\accredit_server\.venv\Lib\site-packages\django\utils\deprecation.py", line 128, in __call__
    response = self.process_request(request)
               ^^^^^^^^^^^^^^^^^^^^^^^^^^^^^
  File "E:\eXcentriX\Projects\accredit\accredit_server\.venv\Lib\site-packages\django\middleware\security.py", line 28, in process_request
    host = self.redirect_host or request.get_host()
                                 ^^^^^^^^^^^^^^^^^^
  File "E:\eXcentriX\Projects\accredit\accredit_server\.venv\Lib\site-packages\django\http\request.py", line 151, in get_host
    raise DisallowedHost(msg)
django.core.exceptions.DisallowedHost: Invalid HTTP_HOST header: '127.0.0.1:8000'. You may need to add '127.0.0.1' to ALLOWED_HOSTS.
ERROR 2024-12-11 00:54:01,549 exception 29432 5712 Invalid HTTP_HOST header: '127.0.0.1:8000'. You may need to add '127.0.0.1' to ALLOWED_HOSTS.
Traceback (most recent call last):
  File "E:\eXcentriX\Projects\accredit\accredit_server\.venv\Lib\site-packages\django\core\handlers\exception.py", line 55, in inner
    response = get_response(request)
               ^^^^^^^^^^^^^^^^^^^^^
  File "E:\eXcentriX\Projects\accredit\accredit_server\.venv\Lib\site-packages\django\utils\deprecation.py", line 128, in __call__
    response = self.process_request(request)
               ^^^^^^^^^^^^^^^^^^^^^^^^^^^^^
  File "E:\eXcentriX\Projects\accredit\accredit_server\.venv\Lib\site-packages\django\middleware\security.py", line 28, in process_request
    host = self.redirect_host or request.get_host()
                                 ^^^^^^^^^^^^^^^^^^
  File "E:\eXcentriX\Projects\accredit\accredit_server\.venv\Lib\site-packages\django\http\request.py", line 151, in get_host
    raise DisallowedHost(msg)
django.core.exceptions.DisallowedHost: Invalid HTTP_HOST header: '127.0.0.1:8000'. You may need to add '127.0.0.1' to ALLOWED_HOSTS.
ERROR 2024-12-11 00:54:01,843 exception 29432 18912 Invalid HTTP_HOST header: '127.0.0.1:8000'. You may need to add '127.0.0.1' to ALLOWED_HOSTS.
Traceback (most recent call last):
  File "E:\eXcentriX\Projects\accredit\accredit_server\.venv\Lib\site-packages\django\core\handlers\exception.py", line 55, in inner
    response = get_response(request)
               ^^^^^^^^^^^^^^^^^^^^^
  File "E:\eXcentriX\Projects\accredit\accredit_server\.venv\Lib\site-packages\django\utils\deprecation.py", line 128, in __call__
    response = self.process_request(request)
               ^^^^^^^^^^^^^^^^^^^^^^^^^^^^^
  File "E:\eXcentriX\Projects\accredit\accredit_server\.venv\Lib\site-packages\django\middleware\security.py", line 28, in process_request
    host = self.redirect_host or request.get_host()
                                 ^^^^^^^^^^^^^^^^^^
  File "E:\eXcentriX\Projects\accredit\accredit_server\.venv\Lib\site-packages\django\http\request.py", line 151, in get_host
    raise DisallowedHost(msg)
django.core.exceptions.DisallowedHost: Invalid HTTP_HOST header: '127.0.0.1:8000'. You may need to add '127.0.0.1' to ALLOWED_HOSTS.
ERROR 2024-12-11 00:55:34,763 exception 29492 12784 Invalid HTTP_HOST header: 'localhost:8000'. You may need to add 'localhost' to ALLOWED_HOSTS.
Traceback (most recent call last):
  File "E:\eXcentriX\Projects\accredit\accredit_server\.venv\Lib\site-packages\django\core\handlers\exception.py", line 55, in inner
    response = get_response(request)
               ^^^^^^^^^^^^^^^^^^^^^
  File "E:\eXcentriX\Projects\accredit\accredit_server\.venv\Lib\site-packages\django\utils\deprecation.py", line 128, in __call__
    response = self.process_request(request)
               ^^^^^^^^^^^^^^^^^^^^^^^^^^^^^
  File "E:\eXcentriX\Projects\accredit\accredit_server\.venv\Lib\site-packages\django\middleware\security.py", line 28, in process_request
    host = self.redirect_host or request.get_host()
                                 ^^^^^^^^^^^^^^^^^^
  File "E:\eXcentriX\Projects\accredit\accredit_server\.venv\Lib\site-packages\django\http\request.py", line 151, in get_host
    raise DisallowedHost(msg)
django.core.exceptions.DisallowedHost: Invalid HTTP_HOST header: 'localhost:8000'. You may need to add 'localhost' to ALLOWED_HOSTS.
ERROR 2024-12-11 00:56:13,869 exception 32088 3212 Invalid HTTP_HOST header: 'localhost:8000'. You may need to add 'localhost' to ALLOWED_HOSTS.
Traceback (most recent call last):
  File "E:\eXcentriX\Projects\accredit\accredit_server\.venv\Lib\site-packages\django\core\handlers\exception.py", line 55, in inner
    response = get_response(request)
               ^^^^^^^^^^^^^^^^^^^^^
  File "E:\eXcentriX\Projects\accredit\accredit_server\.venv\Lib\site-packages\django\utils\deprecation.py", line 128, in __call__
    response = self.process_request(request)
               ^^^^^^^^^^^^^^^^^^^^^^^^^^^^^
  File "E:\eXcentriX\Projects\accredit\accredit_server\.venv\Lib\site-packages\django\middleware\common.py", line 48, in process_request
    host = request.get_host()
           ^^^^^^^^^^^^^^^^^^
  File "E:\eXcentriX\Projects\accredit\accredit_server\.venv\Lib\site-packages\django\http\request.py", line 151, in get_host
    raise DisallowedHost(msg)
django.core.exceptions.DisallowedHost: Invalid HTTP_HOST header: 'localhost:8000'. You may need to add 'localhost' to ALLOWED_HOSTS.
ERROR 2024-12-11 00:56:14,132 exception 32088 7856 Invalid HTTP_HOST header: 'localhost:8000'. You may need to add 'localhost' to ALLOWED_HOSTS.
Traceback (most recent call last):
  File "E:\eXcentriX\Projects\accredit\accredit_server\.venv\Lib\site-packages\django\core\handlers\exception.py", line 55, in inner
    response = get_response(request)
               ^^^^^^^^^^^^^^^^^^^^^
  File "E:\eXcentriX\Projects\accredit\accredit_server\.venv\Lib\site-packages\django\utils\deprecation.py", line 128, in __call__
    response = self.process_request(request)
               ^^^^^^^^^^^^^^^^^^^^^^^^^^^^^
  File "E:\eXcentriX\Projects\accredit\accredit_server\.venv\Lib\site-packages\django\middleware\common.py", line 48, in process_request
    host = request.get_host()
           ^^^^^^^^^^^^^^^^^^
  File "E:\eXcentriX\Projects\accredit\accredit_server\.venv\Lib\site-packages\django\http\request.py", line 151, in get_host
    raise DisallowedHost(msg)
django.core.exceptions.DisallowedHost: Invalid HTTP_HOST header: 'localhost:8000'. You may need to add 'localhost' to ALLOWED_HOSTS.
ERROR 2024-12-11 01:03:29,787 basehttp 10488 33072 You're accessing the development server over HTTPS, but it only supports HTTP.
ERROR 2024-12-11 01:03:30,051 basehttp 10488 31324 You're accessing the development server over HTTPS, but it only supports HTTP.
ERROR 2024-12-11 01:03:30,098 basehttp 10488 20720 You're accessing the development server over HTTPS, but it only supports HTTP.
ERROR 2024-12-11 01:03:30,364 basehttp 10488 21120 You're accessing the development server over HTTPS, but it only supports HTTP.
ERROR 2024-12-11 01:03:32,085 basehttp 10488 21024 You're accessing the development server over HTTPS, but it only supports HTTP.
ERROR 2024-12-11 01:03:32,353 basehttp 10488 34452 You're accessing the development server over HTTPS, but it only supports HTTP.
ERROR 2024-12-11 01:03:32,393 basehttp 10488 11920 You're accessing the development server over HTTPS, but it only supports HTTP.
ERROR 2024-12-11 01:03:32,668 basehttp 10488 1872 You're accessing the development server over HTTPS, but it only supports HTTP.
ERROR 2024-12-11 01:03:34,681 basehttp 10488 32784 You're accessing the development server over HTTPS, but it only supports HTTP.
ERROR 2024-12-11 01:03:34,943 basehttp 10488 1048 You're accessing the development server over HTTPS, but it only supports HTTP.
ERROR 2024-12-11 01:03:34,989 basehttp 10488 18560 You're accessing the development server over HTTPS, but it only supports HTTP.
ERROR 2024-12-11 01:03:35,253 basehttp 10488 29156 You're accessing the development server over HTTPS, but it only supports HTTP.
ERROR 2024-12-11 01:03:43,962 basehttp 10488 33412 You're accessing the development server over HTTPS, but it only supports HTTP.
ERROR 2024-12-11 01:03:44,223 basehttp 10488 18952 You're accessing the development server over HTTPS, but it only supports HTTP.
ERROR 2024-12-11 01:03:44,270 basehttp 10488 10844 You're accessing the development server over HTTPS, but it only supports HTTP.
ERROR 2024-12-11 01:03:44,535 basehttp 10488 37492 You're accessing the development server over HTTPS, but it only supports HTTP.
ERROR 2024-12-11 01:04:03,090 basehttp 10488 15200 You're accessing the development server over HTTPS, but it only supports HTTP.
ERROR 2024-12-11 01:04:03,351 basehttp 10488 32780 You're accessing the development server over HTTPS, but it only supports HTTP.
ERROR 2024-12-11 01:04:03,399 basehttp 10488 37152 You're accessing the development server over HTTPS, but it only supports HTTP.
ERROR 2024-12-11 01:04:03,666 basehttp 10488 37020 You're accessing the development server over HTTPS, but it only supports HTTP.
ERROR 2024-12-11 01:04:05,291 basehttp 10488 29964 You're accessing the development server over HTTPS, but it only supports HTTP.
ERROR 2024-12-11 01:04:05,555 basehttp 10488 6880 You're accessing the development server over HTTPS, but it only supports HTTP.
ERROR 2024-12-11 01:04:05,602 basehttp 10488 31944 You're accessing the development server over HTTPS, but it only supports HTTP.
ERROR 2024-12-11 01:04:05,870 basehttp 10488 29436 You're accessing the development server over HTTPS, but it only supports HTTP.
ERROR 2024-12-11 01:04:06,756 basehttp 10488 26840 You're accessing the development server over HTTPS, but it only supports HTTP.
ERROR 2024-12-11 01:04:07,018 basehttp 10488 7768 You're accessing the development server over HTTPS, but it only supports HTTP.
ERROR 2024-12-11 01:04:07,064 basehttp 10488 29060 You're accessing the development server over HTTPS, but it only supports HTTP.
ERROR 2024-12-11 01:04:07,330 basehttp 10488 32136 You're accessing the development server over HTTPS, but it only supports HTTP.
ERROR 2024-12-11 01:04:14,574 basehttp 12840 36760 You're accessing the development server over HTTPS, but it only supports HTTP.
ERROR 2024-12-11 01:04:14,575 basehttp 12840 16616 You're accessing the development server over HTTPS, but it only supports HTTP.
ERROR 2024-12-11 01:04:18,264 basehttp 12840 36076 You're accessing the development server over HTTPS, but it only supports HTTP.
ERROR 2024-12-11 01:04:18,265 basehttp 12840 7128 You're accessing the development server over HTTPS, but it only supports HTTP.
ERROR 2024-12-11 01:04:20,468 basehttp 12840 23960 You're accessing the development server over HTTPS, but it only supports HTTP.
ERROR 2024-12-11 01:04:20,469 basehttp 12840 22172 You're accessing the development server over HTTPS, but it only supports HTTP.
ERROR 2024-12-11 01:04:27,307 basehttp 12840 20888 You're accessing the development server over HTTPS, but it only supports HTTP.
ERROR 2024-12-11 01:04:27,557 basehttp 12840 2908 You're accessing the development server over HTTPS, but it only supports HTTP.
ERROR 2024-12-11 01:04:27,620 basehttp 12840 30612 You're accessing the development server over HTTPS, but it only supports HTTP.
ERROR 2024-12-11 01:04:27,870 basehttp 12840 32048 You're accessing the development server over HTTPS, but it only supports HTTP.
ERROR 2024-12-11 01:04:29,542 basehttp 12840 17856 You're accessing the development server over HTTPS, but it only supports HTTP.
ERROR 2024-12-11 01:04:29,806 basehttp 12840 36116 You're accessing the development server over HTTPS, but it only supports HTTP.
ERROR 2024-12-11 01:04:29,852 basehttp 12840 34044 You're accessing the development server over HTTPS, but it only supports HTTP.
ERROR 2024-12-11 01:04:30,118 basehttp 12840 16888 You're accessing the development server over HTTPS, but it only supports HTTP.
ERROR 2024-12-11 01:04:32,997 basehttp 12840 37752 You're accessing the development server over HTTPS, but it only supports HTTP.
ERROR 2024-12-11 01:04:33,260 basehttp 12840 23828 You're accessing the development server over HTTPS, but it only supports HTTP.
ERROR 2024-12-11 01:04:33,306 basehttp 12840 34452 You're accessing the development server over HTTPS, but it only supports HTTP.
ERROR 2024-12-11 01:04:33,572 basehttp 12840 5268 You're accessing the development server over HTTPS, but it only supports HTTP.
ERROR 2024-12-11 01:04:40,505 basehttp 12840 36272 You're accessing the development server over HTTPS, but it only supports HTTP.
ERROR 2024-12-11 01:04:40,753 basehttp 12840 13500 You're accessing the development server over HTTPS, but it only supports HTTP.
ERROR 2024-12-11 01:04:40,814 basehttp 12840 36076 You're accessing the development server over HTTPS, but it only supports HTTP.
ERROR 2024-12-11 01:04:41,065 basehttp 12840 7128 You're accessing the development server over HTTPS, but it only supports HTTP.
ERROR 2024-12-11 01:04:47,648 basehttp 12840 35136 You're accessing the development server over HTTPS, but it only supports HTTP.
ERROR 2024-12-11 01:04:47,897 basehttp 12840 11296 You're accessing the development server over HTTPS, but it only supports HTTP.
ERROR 2024-12-11 01:04:47,960 basehttp 12840 18584 You're accessing the development server over HTTPS, but it only supports HTTP.
ERROR 2024-12-11 01:04:48,209 basehttp 12840 3208 You're accessing the development server over HTTPS, but it only supports HTTP.
ERROR 2024-12-11 01:04:52,161 basehttp 12840 28664 You're accessing the development server over HTTPS, but it only supports HTTP.
ERROR 2024-12-11 01:05:13,821 basehttp 12840 4408 You're accessing the development server over HTTPS, but it only supports HTTP.
